Using pre-set license
Built from '2022.3/staging' branch; Version is '2022.3.4f1 (35713cd46cd7) revision 3502396'; Using compiler version '192829333'; Build Type 'Release'
OS: 'Windows 11  (10.0.22621) 64bit Professional' Language: 'en' Physical Memory: 15720 MB
BatchMode: 1, IsHumanControllingUs: 0, StartBugReporterOnCrash: 0, Is64bit: 1, IsPro: 1

COMMAND LINE ARGUMENTS:
C:\Program Files\Unity\Hub\Editor\2022.3.4f1\Editor\Unity.exe
-adb2
-batchMode
-noUpm
-name
AssetImportWorker0
-projectPath
C:/Users/CJ/LiminalityHDRP/LiminalityHDRP
-logFile
Logs/AssetImportWorker0.log
-srvPort
63024
Successfully changed project path to: C:/Users/CJ/LiminalityHDRP/LiminalityHDRP
C:/Users/CJ/LiminalityHDRP/LiminalityHDRP
[UnityMemory] Configuration Parameters - Can be set up in boot.config
    "memorysetup-bucket-allocator-granularity=16"
    "memorysetup-bucket-allocator-bucket-count=8"
    "memorysetup-bucket-allocator-block-size=33554432"
    "memorysetup-bucket-allocator-block-count=8"
    "memorysetup-main-allocator-block-size=16777216"
    "memorysetup-thread-allocator-block-size=16777216"
    "memorysetup-gfx-main-allocator-block-size=16777216"
    "memorysetup-gfx-thread-allocator-block-size=16777216"
    "memorysetup-cache-allocator-block-size=4194304"
    "memorysetup-typetree-allocator-block-size=2097152"
    "memorysetup-profiler-bucket-allocator-granularity=16"
    "memorysetup-profiler-bucket-allocator-bucket-count=8"
    "memorysetup-profiler-bucket-allocator-block-size=33554432"
    "memorysetup-profiler-bucket-allocator-block-count=8"
    "memorysetup-profiler-allocator-block-size=16777216"
    "memorysetup-profiler-editor-allocator-block-size=1048576"
    "memorysetup-temp-allocator-size-main=16777216"
    "memorysetup-job-temp-allocator-block-size=2097152"
    "memorysetup-job-temp-allocator-block-size-background=1048576"
    "memorysetup-job-temp-allocator-reduction-small-platforms=262144"
    "memorysetup-allocator-temp-initial-block-size-main=262144"
    "memorysetup-allocator-temp-initial-block-size-worker=262144"
    "memorysetup-temp-allocator-size-background-worker=32768"
    "memorysetup-temp-allocator-size-job-worker=262144"
    "memorysetup-temp-allocator-size-preload-manager=33554432"
    "memorysetup-temp-allocator-size-nav-mesh-worker=65536"
    "memorysetup-temp-allocator-size-audio-worker=65536"
    "memorysetup-temp-allocator-size-cloud-worker=32768"
    "memorysetup-temp-allocator-size-gi-baking-worker=262144"
    "memorysetup-temp-allocator-size-gfx=262144"
Player connection [27592] Host "[IP] 192.168.56.1 [Port] 0 [Flags] 2 [Guid] 3177858036 [EditorId] 3177858036 [Version] 1048832 [Id] WindowsEditor(7,Craigbook) [Debug] 1 [PackageName] WindowsEditor [ProjectName] Editor" joined multi-casting on [225.0.0.222:54997]...

Player connection [27592] Host "[IP] 192.168.56.1 [Port] 0 [Flags] 2 [Guid] 3177858036 [EditorId] 3177858036 [Version] 1048832 [Id] WindowsEditor(7,Craigbook) [Debug] 1 [PackageName] WindowsEditor [ProjectName] Editor" joined alternative multi-casting on [225.0.0.222:34997]...

Refreshing native plugins compatible for Editor in 48.57 ms, found 3 plugins.
Preloading 0 native plugins for Editor in 0.00 ms.
Initialize engine version: 2022.3.4f1 (35713cd46cd7)
[Subsystems] Discovering subsystems at path C:/Program Files/Unity/Hub/Editor/2022.3.4f1/Editor/Data/Resources/UnitySubsystems
[Subsystems] Discovering subsystems at path C:/Users/CJ/LiminalityHDRP/LiminalityHDRP/Assets
GfxDevice: creating device client; threaded=0; jobified=0
Direct3D:
    Version:  Direct3D 11.0 [level 11.1]
    Renderer: NVIDIA GeForce RTX 3050 Ti Laptop GPU (ID=0x25a0)
    Vendor:   NVIDIA
    VRAM:     3976 MB
    Driver:   31.0.15.3141
Initialize mono
Mono path[0] = 'C:/Program Files/Unity/Hub/Editor/2022.3.4f1/Editor/Data/Managed'
Mono path[1] = 'C:/Program Files/Unity/Hub/Editor/2022.3.4f1/Editor/Data/MonoBleedingEdge/lib/mono/unityjit-win32'
Mono config path = 'C:/Program Files/Unity/Hub/Editor/2022.3.4f1/Editor/Data/MonoBleedingEdge/etc'
Using monoOptions --debugger-agent=transport=dt_socket,embedding=1,server=y,suspend=n,address=127.0.0.1:56228
Begin MonoManager ReloadAssembly
Registering precompiled unity dll's ...
Register platform support module: C:/Program Files/Unity/Hub/Editor/2022.3.4f1/Editor/Data/PlaybackEngines/WindowsStandaloneSupport/UnityEditor.WindowsStandalone.Extensions.dll
Register platform support module: C:/Program Files/Unity/Hub/Editor/2022.3.4f1/Editor/Data/PlaybackEngines/MetroSupport/UnityEditor.UWP.Extensions.dll
Registered in 0.011397 seconds.
- Loaded All Assemblies, in  0.505 seconds
Native extension for UWP target not found
Native extension for WindowsStandalone target not found
Mono: successfully reloaded assembly
- Finished resetting the current domain, in  0.372 seconds
Domain Reload Profiling: 874ms
	BeginReloadAssembly (157ms)
		ExecutionOrderSort (0ms)
		DisableScriptedObjects (0ms)
		BackupInstance (0ms)
		ReleaseScriptingObjects (0ms)
		CreateAndSetChildDomain (1ms)
	RebuildCommonClasses (41ms)
	RebuildNativeTypeToScriptingClass (13ms)
	initialDomainReloadingComplete (83ms)
	LoadAllAssembliesAndSetupDomain (207ms)
		LoadAssemblies (154ms)
		RebuildTransferFunctionScriptingTraits (0ms)
		AnalyzeDomain (198ms)
			TypeCache.Refresh (197ms)
				TypeCache.ScanAssembly (180ms)
			ScanForSourceGeneratedMonoScriptInfo (1ms)
			ResolveRequiredComponents (1ms)
	FinalizeReload (373ms)
		ReleaseScriptCaches (0ms)
		RebuildScriptCaches (0ms)
		SetupLoadedEditorAssemblies (299ms)
			LogAssemblyErrors (0ms)
			InitializePlatformSupportModulesInManaged (12ms)
			SetLoadedEditorAssemblies (9ms)
			RefreshPlugins (0ms)
			BeforeProcessingInitializeOnLoad (3ms)
			ProcessInitializeOnLoadAttributes (205ms)
			ProcessInitializeOnLoadMethodAttributes (71ms)
			AfterProcessingInitializeOnLoad (0ms)
			EditorAssembliesLoaded (0ms)
		ExecutionOrderSort2 (0ms)
		AwakeInstancesAfterBackupRestoration (0ms)
========================================================================
Worker process is ready to serve import requests
Begin MonoManager ReloadAssembly
Symbol file LoadedFromMemory doesn't match image C:\Users\CJ\LiminalityHDRP\LiminalityHDRP\Library\PackageCache\com.unity.visualscripting@1.8.0\Editor\VisualScripting.Core\Dependencies\YamlDotNet\Unity.VisualScripting.YamlDotNet.dll
Symbol file LoadedFromMemory doesn't match image C:\Users\CJ\LiminalityHDRP\LiminalityHDRP\Library\PackageCache\com.unity.visualscripting@1.8.0\Editor\VisualScripting.Core\Dependencies\DotNetZip\Unity.VisualScripting.IonicZip.dll
- Loaded All Assemblies, in  1.317 seconds
Refreshing native plugins compatible for Editor in 12.97 ms, found 3 plugins.
Native extension for UWP target not found
Native extension for WindowsStandalone target not found
[MODES] ModeService[none].Initialize
[MODES] ModeService[none].LoadModes
[MODES] Loading mode Default (0) for mode-current-id-LiminalityHDRP
Package Manager log level set to [2]
[Package Manager] Server::EnsureServerProcessIsRunning -- launch failed, reason: Unity was launched with the -noUpm command-line argument
[Package Manager] UpmClient::Send -- Unable to send message (not connected to UPM process).
[Package Manager] Cannot connect to Unity Package Manager local server
Mono: successfully reloaded assembly
- Finished resetting the current domain, in  2.573 seconds
Domain Reload Profiling: 3883ms
	BeginReloadAssembly (178ms)
		ExecutionOrderSort (0ms)
		DisableScriptedObjects (7ms)
		BackupInstance (0ms)
		ReleaseScriptingObjects (0ms)
		CreateAndSetChildDomain (39ms)
	RebuildCommonClasses (44ms)
	RebuildNativeTypeToScriptingClass (14ms)
	initialDomainReloadingComplete (55ms)
	LoadAllAssembliesAndSetupDomain (1019ms)
		LoadAssemblies (606ms)
		RebuildTransferFunctionScriptingTraits (0ms)
		AnalyzeDomain (480ms)
			TypeCache.Refresh (437ms)
				TypeCache.ScanAssembly (417ms)
			ScanForSourceGeneratedMonoScriptInfo (31ms)
			ResolveRequiredComponents (12ms)
	FinalizeReload (2573ms)
		ReleaseScriptCaches (0ms)
		RebuildScriptCaches (0ms)
		SetupLoadedEditorAssemblies (2341ms)
			LogAssemblyErrors (0ms)
			InitializePlatformSupportModulesInManaged (19ms)
			SetLoadedEditorAssemblies (5ms)
			RefreshPlugins (0ms)
			BeforeProcessingInitializeOnLoad (130ms)
			ProcessInitializeOnLoadAttributes (675ms)
			ProcessInitializeOnLoadMethodAttributes (1504ms)
			AfterProcessingInitializeOnLoad (8ms)
			EditorAssembliesLoaded (0ms)
		ExecutionOrderSort2 (0ms)
		AwakeInstancesAfterBackupRestoration (6ms)
Launched and connected shader compiler UnityShaderCompiler.exe after 0.07 seconds
Refreshing native plugins compatible for Editor in 8.57 ms, found 3 plugins.
Preloading 0 native plugins for Editor in 0.00 ms.
Unloading 7181 Unused Serialized files (Serialized files now loaded: 0)
Unloading 139 unused Assets / (4.9 MB). Loaded Objects now: 7654.
Memory consumption went from 332.7 MB to 327.7 MB.
Total: 10.933500 ms (FindLiveObjects: 1.284500 ms CreateObjectMapping: 0.906400 ms MarkObjects: 5.744400 ms  DeleteObjects: 2.996200 ms)

AssetImportParameters requested are different than current active one (requested -> active):
  custom:container-demuxer-ogg: 62fdf1f143b41e24485cea50d1cbac27 -> 
  custom:framework-win-MediaFoundation: 216162199b28c13a410421893ffa2e32 -> 
  custom:container-muxer-webm: aa71ff27fc2769a1b78a27578f13a17b -> 
  custom:video-decoder-webm-vp8: 9c59270c3fd7afecdb556c50c9e8de78 -> 
  custom:AudioImporter_EditorPlatform: d09bf68614088b80899f8185d706f6e7 -> 
  custom:audio-decoder-ogg-vorbis: bf7c407c2cedff20999df2af8eb42d56 -> 
  custom:audio-encoder-webm-vorbis: bf7c407c2cedff20999df2af8eb42d56 -> 
  custom:video-decoder-ogg-theora: a1e56fd34408186e4bbccfd4996cb3dc -> 
  custom:container-demuxer-webm: 4f35f7cbe854078d1ac9338744f61a02 -> 
  custom:video-encoder-webm-vp8: eb34c28f22e8b96e1ab97ce403110664 -> 
========================================================================
Received Import Request.
  Time since last request: 2593.578605 seconds.
  path: Assets/Old_USSR_Lamp/Prefabs/Old_USSR_Lamp_01.prefab
  artifactKey: Guid(20ffe5c18928a4c4594e9261db2333af) Importer(815301076,1909f56bfc062723c751e8b465ee728b)
Start importing Assets/Old_USSR_Lamp/Prefabs/Old_USSR_Lamp_01.prefab using Guid(20ffe5c18928a4c4594e9261db2333af) Importer(815301076,1909f56bfc062723c751e8b465ee728b)  -> (artifact id: '1be8502b08a73c0120e9f15d526340ef') in 0.027562 seconds
Number of updated asset objects reloaded before import = 0
Number of asset objects unloaded after import = 6
========================================================================
Received Prepare
Refreshing native plugins compatible for Editor in 5.45 ms, found 3 plugins.
Preloading 0 native plugins for Editor in 0.00 ms.
Unloading 36 Unused Serialized files (Serialized files now loaded: 0)
Unloading 36 unused Assets / (4.9 MB). Loaded Objects now: 7655.
Memory consumption went from 169.2 MB to 164.2 MB.
Total: 7.897500 ms (FindLiveObjects: 0.701600 ms CreateObjectMapping: 0.333300 ms MarkObjects: 5.346700 ms  DeleteObjects: 1.514100 ms)

Prepare: number of updated asset objects reloaded= 0
AssetImportParameters requested are different than current active one (requested -> active):
  custom:container-demuxer-ogg: 62fdf1f143b41e24485cea50d1cbac27 -> 
  custom:framework-win-MediaFoundation: 216162199b28c13a410421893ffa2e32 -> 
  custom:container-muxer-webm: aa71ff27fc2769a1b78a27578f13a17b -> 
  custom:video-decoder-webm-vp8: 9c59270c3fd7afecdb556c50c9e8de78 -> 
  custom:AudioImporter_EditorPlatform: d09bf68614088b80899f8185d706f6e7 -> 
  custom:audio-decoder-ogg-vorbis: bf7c407c2cedff20999df2af8eb42d56 -> 
  custom:audio-encoder-webm-vorbis: bf7c407c2cedff20999df2af8eb42d56 -> 
  custom:video-decoder-ogg-theora: a1e56fd34408186e4bbccfd4996cb3dc -> 
  custom:CustomObjectIndexerAttribute: 756ad292c208cfabdd7b50bc23989ffe -> 
  custom:container-demuxer-webm: 4f35f7cbe854078d1ac9338744f61a02 -> 
  custom:video-encoder-webm-vp8: eb34c28f22e8b96e1ab97ce403110664 -> 
========================================================================
Received Prepare
Begin MonoManager ReloadAssembly
Symbol file LoadedFromMemory doesn't match image C:\Users\CJ\LiminalityHDRP\LiminalityHDRP\Library\PackageCache\com.unity.visualscripting@1.8.0\Editor\VisualScripting.Core\Dependencies\YamlDotNet\Unity.VisualScripting.YamlDotNet.dll
Symbol file LoadedFromMemory doesn't match image C:\Users\CJ\LiminalityHDRP\LiminalityHDRP\Library\PackageCache\com.unity.visualscripting@1.8.0\Editor\VisualScripting.Core\Dependencies\DotNetZip\Unity.VisualScripting.IonicZip.dll
- Loaded All Assemblies, in  0.877 seconds
Refreshing native plugins compatible for Editor in 4.50 ms, found 3 plugins.
Native extension for UWP target not found
Native extension for WindowsStandalone target not found
[MODES] ModeService[none].Initialize
[MODES] ModeService[none].LoadModes
[MODES] Loading mode Default (0) for mode-current-id-LiminalityHDRP
[Package Manager] Server::EnsureServerProcessIsRunning -- launch failed, reason: Unity was launched with the -noUpm command-line argument
[Package Manager] UpmClient::Send -- Unable to send message (not connected to UPM process).
[Package Manager] Cannot connect to Unity Package Manager local server
Mono: successfully reloaded assembly
- Finished resetting the current domain, in  2.831 seconds
Domain Reload Profiling: 3701ms
	BeginReloadAssembly (165ms)
		ExecutionOrderSort (0ms)
		DisableScriptedObjects (5ms)
		BackupInstance (0ms)
		ReleaseScriptingObjects (0ms)
		CreateAndSetChildDomain (51ms)
	RebuildCommonClasses (29ms)
	RebuildNativeTypeToScriptingClass (10ms)
	initialDomainReloadingComplete (35ms)
	LoadAllAssembliesAndSetupDomain (631ms)
		LoadAssemblies (350ms)
		RebuildTransferFunctionScriptingTraits (0ms)
		AnalyzeDomain (334ms)
			TypeCache.Refresh (323ms)
				TypeCache.ScanAssembly (308ms)
			ScanForSourceGeneratedMonoScriptInfo (0ms)
			ResolveRequiredComponents (11ms)
	FinalizeReload (2831ms)
		ReleaseScriptCaches (0ms)
		RebuildScriptCaches (0ms)
		SetupLoadedEditorAssemblies (567ms)
			LogAssemblyErrors (0ms)
			InitializePlatformSupportModulesInManaged (8ms)
			SetLoadedEditorAssemblies (4ms)
			RefreshPlugins (0ms)
			BeforeProcessingInitializeOnLoad (95ms)
			ProcessInitializeOnLoadAttributes (430ms)
			ProcessInitializeOnLoadMethodAttributes (21ms)
			AfterProcessingInitializeOnLoad (7ms)
			EditorAssembliesLoaded (0ms)
		ExecutionOrderSort2 (0ms)
		AwakeInstancesAfterBackupRestoration (42ms)
Refreshing native plugins compatible for Editor in 4.75 ms, found 3 plugins.
Preloading 0 native plugins for Editor in 0.00 ms.
Unloading 6769 Unused Serialized files (Serialized files now loaded: 0)
Unloading 87 unused Assets / (4.9 MB). Loaded Objects now: 7677.
Memory consumption went from 274.9 MB to 270.0 MB.
Total: 5.958600 ms (FindLiveObjects: 0.523900 ms CreateObjectMapping: 0.574200 ms MarkObjects: 3.806900 ms  DeleteObjects: 1.052400 ms)

Prepare: number of updated asset objects reloaded= 0
AssetImportParameters requested are different than current active one (requested -> active):
  custom:container-demuxer-ogg: 62fdf1f143b41e24485cea50d1cbac27 -> 
  custom:framework-win-MediaFoundation: 216162199b28c13a410421893ffa2e32 -> 
  custom:container-muxer-webm: aa71ff27fc2769a1b78a27578f13a17b -> 
  custom:video-decoder-webm-vp8: 9c59270c3fd7afecdb556c50c9e8de78 -> 
  custom:AudioImporter_EditorPlatform: d09bf68614088b80899f8185d706f6e7 -> 
  custom:audio-decoder-ogg-vorbis: bf7c407c2cedff20999df2af8eb42d56 -> 
  custom:audio-encoder-webm-vorbis: bf7c407c2cedff20999df2af8eb42d56 -> 
  custom:video-decoder-ogg-theora: a1e56fd34408186e4bbccfd4996cb3dc -> 
  custom:CustomObjectIndexerAttribute: 756ad292c208cfabdd7b50bc23989ffe -> 
  custom:container-demuxer-webm: 4f35f7cbe854078d1ac9338744f61a02 -> 
  custom:video-encoder-webm-vp8: eb34c28f22e8b96e1ab97ce403110664 -> 
========================================================================
Received Import Request.
  Time since last request: 454.156760 seconds.
  path: Assets/Free forest pack/Textured tree/dead tree model05-texture.png
  artifactKey: Guid(45914d545b8215144bf6421f52fd5fa0) Importer(815301076,1909f56bfc062723c751e8b465ee728b)
Start importing Assets/Free forest pack/Textured tree/dead tree model05-texture.png using Guid(45914d545b8215144bf6421f52fd5fa0) Importer(815301076,1909f56bfc062723c751e8b465ee728b)  -> (artifact id: 'c28e464592abb4ca363f6cbc2cf49be6') in 0.053688 seconds
Number of updated asset objects reloaded before import = 0
Number of asset objects unloaded after import = 2
========================================================================
Received Import Request.
  Time since last request: 0.000018 seconds.
  path: Assets/Poolrooms/Textures/evermotion_sl_02105_2.jpg
  artifactKey: Guid(e0441cabd7aacd5498513dee4aef857d) Importer(815301076,1909f56bfc062723c751e8b465ee728b)
Start importing Assets/Poolrooms/Textures/evermotion_sl_02105_2.jpg using Guid(e0441cabd7aacd5498513dee4aef857d) Importer(815301076,1909f56bfc062723c751e8b465ee728b)  -> (artifact id: '4f0f80faf06ee632c7b113331eb5cbdc') in 0.003082 seconds
Number of updated asset objects reloaded before import = 0
Number of asset objects unloaded after import = 1
========================================================================
Received Import Request.
  Time since last request: 0.000023 seconds.
  path: Assets/SkySerie Freebie/FreebieHdri/FluffballDayTop.hdr
  artifactKey: Guid(c769857dc541ab7449d1352d7ff46ce8) Importer(815301076,1909f56bfc062723c751e8b465ee728b)
Start importing Assets/SkySerie Freebie/FreebieHdri/FluffballDayTop.hdr using Guid(c769857dc541ab7449d1352d7ff46ce8) Importer(815301076,1909f56bfc062723c751e8b465ee728b)  -> (artifact id: 'fa02c1a6b613599adf111be3211185d7') in 0.004106 seconds
Number of updated asset objects reloaded before import = 0
Number of asset objects unloaded after import = 1
========================================================================
Received Import Request.
  Time since last request: 0.000018 seconds.
  path: Assets/SkySerie Freebie/FreebieHdri/FluffballDayBack.hdr
  artifactKey: Guid(50762494be58d144d98d179cd6ba1470) Importer(815301076,1909f56bfc062723c751e8b465ee728b)
Start importing Assets/SkySerie Freebie/FreebieHdri/FluffballDayBack.hdr using Guid(50762494be58d144d98d179cd6ba1470) Importer(815301076,1909f56bfc062723c751e8b465ee728b)  -> (artifact id: 'ceb1d5ee0b78186f565785db2d082cbb') in 0.003431 seconds
Number of updated asset objects reloaded before import = 0
Number of asset objects unloaded after import = 1
========================================================================
Received Import Request.
  Time since last request: 0.000015 seconds.
  path: Assets/Samples/High Definition RP/14.0.8/Lens Flare Samples/Textures/DigitalStreak.png
  artifactKey: Guid(22a901c46cac63446a47a41268f00fa7) Importer(815301076,1909f56bfc062723c751e8b465ee728b)
Start importing Assets/Samples/High Definition RP/14.0.8/Lens Flare Samples/Textures/DigitalStreak.png using Guid(22a901c46cac63446a47a41268f00fa7) Importer(815301076,1909f56bfc062723c751e8b465ee728b)  -> (artifact id: 'd48a31fbf45f913b4849758137d00256') in 0.003582 seconds
Number of updated asset objects reloaded before import = 0
Number of asset objects unloaded after import = 1
========================================================================
Received Import Request.
  Time since last request: 0.000017 seconds.
  path: Assets/Samples/High Definition RP/14.0.8/Material Samples/Textures/Fern_BC.tif
  artifactKey: Guid(1d643760156c44e4fa0e0a5e951edd6d) Importer(815301076,1909f56bfc062723c751e8b465ee728b)
Start importing Assets/Samples/High Definition RP/14.0.8/Material Samples/Textures/Fern_BC.tif using Guid(1d643760156c44e4fa0e0a5e951edd6d) Importer(815301076,1909f56bfc062723c751e8b465ee728b)  -> (artifact id: '041b69860a0f61d23b0a5ff629d47e4d') in 0.002048 seconds
Number of updated asset objects reloaded before import = 0
Number of asset objects unloaded after import = 1
========================================================================
Received Import Request.
  Time since last request: 0.000014 seconds.
  path: Assets/Samples/High Definition RP/14.0.8/Material Samples/Textures/Fern_M.tif
  artifactKey: Guid(cd26c853cf4662e448f0e9b7e170159e) Importer(815301076,1909f56bfc062723c751e8b465ee728b)
Start importing Assets/Samples/High Definition RP/14.0.8/Material Samples/Textures/Fern_M.tif using Guid(cd26c853cf4662e448f0e9b7e170159e) Importer(815301076,1909f56bfc062723c751e8b465ee728b)  -> (artifact id: '74349403625421b6f23c7f113c5751dc') in 0.001854 seconds
Number of updated asset objects reloaded before import = 0
Number of asset objects unloaded after import = 1
========================================================================
Received Prepare
Begin MonoManager ReloadAssembly
Symbol file LoadedFromMemory doesn't match image C:\Users\CJ\LiminalityHDRP\LiminalityHDRP\Library\PackageCache\com.unity.visualscripting@1.8.0\Editor\VisualScripting.Core\Dependencies\YamlDotNet\Unity.VisualScripting.YamlDotNet.dll
Symbol file LoadedFromMemory doesn't match image C:\Users\CJ\LiminalityHDRP\LiminalityHDRP\Library\PackageCache\com.unity.visualscripting@1.8.0\Editor\VisualScripting.Core\Dependencies\DotNetZip\Unity.VisualScripting.IonicZip.dll
- Loaded All Assemblies, in  0.843 seconds
Refreshing native plugins compatible for Editor in 4.59 ms, found 3 plugins.
Native extension for UWP target not found
Native extension for WindowsStandalone target not found
[MODES] ModeService[none].Initialize
[MODES] ModeService[none].LoadModes
[MODES] Loading mode Default (0) for mode-current-id-LiminalityHDRP
[Package Manager] Server::EnsureServerProcessIsRunning -- launch failed, reason: Unity was launched with the -noUpm command-line argument
[Package Manager] UpmClient::Send -- Unable to send message (not connected to UPM process).
[Package Manager] Cannot connect to Unity Package Manager local server
Mono: successfully reloaded assembly
- Finished resetting the current domain, in  1.859 seconds
Domain Reload Profiling: 2696ms
	BeginReloadAssembly (163ms)
		ExecutionOrderSort (0ms)
		DisableScriptedObjects (5ms)
		BackupInstance (0ms)
		ReleaseScriptingObjects (0ms)
		CreateAndSetChildDomain (53ms)
	RebuildCommonClasses (31ms)
	RebuildNativeTypeToScriptingClass (10ms)
	initialDomainReloadingComplete (33ms)
	LoadAllAssembliesAndSetupDomain (601ms)
		LoadAssemblies (322ms)
		RebuildTransferFunctionScriptingTraits (0ms)
		AnalyzeDomain (334ms)
			TypeCache.Refresh (323ms)
				TypeCache.ScanAssembly (310ms)
			ScanForSourceGeneratedMonoScriptInfo (0ms)
			ResolveRequiredComponents (11ms)
	FinalizeReload (1859ms)
		ReleaseScriptCaches (0ms)
		RebuildScriptCaches (0ms)
		SetupLoadedEditorAssemblies (619ms)
			LogAssemblyErrors (0ms)
			InitializePlatformSupportModulesInManaged (7ms)
			SetLoadedEditorAssemblies (4ms)
			RefreshPlugins (0ms)
			BeforeProcessingInitializeOnLoad (100ms)
			ProcessInitializeOnLoadAttributes (474ms)
			ProcessInitializeOnLoadMethodAttributes (24ms)
			AfterProcessingInitializeOnLoad (9ms)
			EditorAssembliesLoaded (0ms)
		ExecutionOrderSort2 (0ms)
		AwakeInstancesAfterBackupRestoration (45ms)
Refreshing native plugins compatible for Editor in 6.55 ms, found 3 plugins.
Preloading 0 native plugins for Editor in 0.00 ms.
Unloading 6763 Unused Serialized files (Serialized files now loaded: 0)
Unloading 87 unused Assets / (4.9 MB). Loaded Objects now: 7693.
Memory consumption went from 273.9 MB to 269.0 MB.
Total: 5.838000 ms (FindLiveObjects: 0.618300 ms CreateObjectMapping: 0.316200 ms MarkObjects: 3.798900 ms  DeleteObjects: 1.103500 ms)

Prepare: number of updated asset objects reloaded= 0
AssetImportParameters requested are different than current active one (requested -> active):
  custom:container-demuxer-ogg: 62fdf1f143b41e24485cea50d1cbac27 -> 
  custom:framework-win-MediaFoundation: 216162199b28c13a410421893ffa2e32 -> 
  custom:container-muxer-webm: aa71ff27fc2769a1b78a27578f13a17b -> 
  custom:video-decoder-webm-vp8: 9c59270c3fd7afecdb556c50c9e8de78 -> 
  custom:AudioImporter_EditorPlatform: d09bf68614088b80899f8185d706f6e7 -> 
  custom:audio-decoder-ogg-vorbis: bf7c407c2cedff20999df2af8eb42d56 -> 
  custom:audio-encoder-webm-vorbis: bf7c407c2cedff20999df2af8eb42d56 -> 
  custom:video-decoder-ogg-theora: a1e56fd34408186e4bbccfd4996cb3dc -> 
  custom:CustomObjectIndexerAttribute: 756ad292c208cfabdd7b50bc23989ffe -> 
  custom:container-demuxer-webm: 4f35f7cbe854078d1ac9338744f61a02 -> 
  custom:video-encoder-webm-vp8: eb34c28f22e8b96e1ab97ce403110664 -> 
========================================================================
Received Prepare
Begin MonoManager ReloadAssembly
Symbol file LoadedFromMemory doesn't match image C:\Users\CJ\LiminalityHDRP\LiminalityHDRP\Library\PackageCache\com.unity.visualscripting@1.8.0\Editor\VisualScripting.Core\Dependencies\YamlDotNet\Unity.VisualScripting.YamlDotNet.dll
Symbol file LoadedFromMemory doesn't match image C:\Users\CJ\LiminalityHDRP\LiminalityHDRP\Library\PackageCache\com.unity.visualscripting@1.8.0\Editor\VisualScripting.Core\Dependencies\DotNetZip\Unity.VisualScripting.IonicZip.dll
- Loaded All Assemblies, in  0.790 seconds
Refreshing native plugins compatible for Editor in 5.01 ms, found 3 plugins.
Native extension for UWP target not found
Native extension for WindowsStandalone target not found
Error saving file Library/StateCache/LayerSettings/9e/9ecc5c3c162a7aba29bafa64c8b94b7c.json. Error: System.IO.IOException: Sharing violation on path C:\Users\CJ\LiminalityHDRP\LiminalityHDRP\Library\StateCache\LayerSettings\9e\9ecc5c3c162a7aba29bafa64c8b94b7c.json
  at System.IO.FileStream..ctor (System.String path, System.IO.FileMode mode, System.IO.FileAccess access, System.IO.FileShare share, System.Int32 bufferSize, System.Boolean anonymous, System.IO.FileOptions options) [0x0019e] in <605bf8b31fcb444b85176da963870aa7>:0 
  at System.IO.FileStream..ctor (System.String path, System.IO.FileMode mode, System.IO.FileAccess access, System.IO.FileShare share, System.Int32 bufferSize, System.IO.FileOptions options) [0x00000] in <605bf8b31fcb444b85176da963870aa7>:0 
  at (wrapper remoting-invoke-with-check) System.IO.FileStream..ctor(string,System.IO.FileMode,System.IO.FileAccess,System.IO.FileShare,int,System.IO.FileOptions)
  at System.IO.StreamWriter..ctor (System.String path, System.Boolean append, System.Text.Encoding encoding, System.Int32 bufferSize) [0x00055] in <605bf8b31fcb444b85176da963870aa7>:0 
  at System.IO.StreamWriter..ctor (System.String path, System.Boolean append, System.Text.Encoding encoding) [0x00000] in <605bf8b31fcb444b85176da963870aa7>:0 
  at (wrapper remoting-invoke-with-check) System.IO.StreamWriter..ctor(string,bool,System.Text.Encoding)
  at System.IO.File.WriteAllText (System.String path, System.String contents, System.Text.Encoding encoding) [0x00034] in <605bf8b31fcb444b85176da963870aa7>:0 
  at UnityEditor.StateCache`1[T].SetState (UnityEngine.Hash128 key, T obj) [0x0004b] in <da771086bc2e4cfc9ad0a72e083a7f98>:0 
UnityEngine.StackTraceUtility:ExtractStackTrace ()
UnityEngine.DebugLogHandler:LogFormat (UnityEngine.LogType,UnityEngine.Object,string,object[])
UnityEngine.Logger:Log (UnityEngine.LogType,object)
UnityEngine.Debug:LogError (object)
UnityEditor.StateCache`1<UnityEditor.Tools/LayerSettings>:SetState (UnityEngine.Hash128,UnityEditor.Tools/LayerSettings)
UnityEditor.Tools:set_lockedLayers (int)
UnityEditor.Tools:OnEnable ()
UnityEngine.ScriptableObject:CreateInstance (System.Type)
UnityEngine.ScriptableObject:CreateInstance<UnityEditor.Tools> ()
UnityEditor.Tools:get_get ()
UnityEditor.Tools:get_visibleLayers ()
UnityEditor.Animations.Rigging.BoneRendererUtils:.cctor () (at ./Library/PackageCache/com.unity.animation.rigging@1.2.1/Editor/Utils/BoneRendererUtils.cs:121)
System.Runtime.CompilerServices.RuntimeHelpers:RunClassConstructor (System.RuntimeTypeHandle)
UnityEditor.EditorAssemblies:ProcessInitializeOnLoadAttributes (System.Type[])

(Filename: ./Library/PackageCache/com.unity.animation.rigging@1.2.1/Editor/Utils/BoneRendererUtils.cs Line: 121)

[MODES] ModeService[none].Initialize
[MODES] ModeService[none].LoadModes
[MODES] Loading mode Default (0) for mode-current-id-LiminalityHDRP
[Package Manager] Server::EnsureServerProcessIsRunning -- launch failed, reason: Unity was launched with the -noUpm command-line argument
[Package Manager] UpmClient::Send -- Unable to send message (not connected to UPM process).
[Package Manager] Cannot connect to Unity Package Manager local server
Mono: successfully reloaded assembly
- Finished resetting the current domain, in  1.841 seconds
Domain Reload Profiling: 2626ms
	BeginReloadAssembly (158ms)
		ExecutionOrderSort (0ms)
		DisableScriptedObjects (5ms)
		BackupInstance (0ms)
		ReleaseScriptingObjects (0ms)
		CreateAndSetChildDomain (48ms)
	RebuildCommonClasses (28ms)
	RebuildNativeTypeToScriptingClass (10ms)
	initialDomainReloadingComplete (33ms)
	LoadAllAssembliesAndSetupDomain (556ms)
		LoadAssemblies (301ms)
		RebuildTransferFunctionScriptingTraits (0ms)
		AnalyzeDomain (311ms)
			TypeCache.Refresh (296ms)
				TypeCache.ScanAssembly (282ms)
			ScanForSourceGeneratedMonoScriptInfo (0ms)
			ResolveRequiredComponents (15ms)
	FinalizeReload (1841ms)
		ReleaseScriptCaches (0ms)
		RebuildScriptCaches (0ms)
		SetupLoadedEditorAssemblies (585ms)
			LogAssemblyErrors (0ms)
			InitializePlatformSupportModulesInManaged (7ms)
			SetLoadedEditorAssemblies (4ms)
			RefreshPlugins (0ms)
			BeforeProcessingInitializeOnLoad (94ms)
			ProcessInitializeOnLoadAttributes (448ms)
			ProcessInitializeOnLoadMethodAttributes (22ms)
			AfterProcessingInitializeOnLoad (8ms)
			EditorAssembliesLoaded (0ms)
		ExecutionOrderSort2 (0ms)
		AwakeInstancesAfterBackupRestoration (49ms)
Refreshing native plugins compatible for Editor in 5.87 ms, found 3 plugins.
Preloading 0 native plugins for Editor in 0.00 ms.
Unloading 6763 Unused Serialized files (Serialized files now loaded: 0)
Unloading 87 unused Assets / (4.9 MB). Loaded Objects now: 7709.
Memory consumption went from 274.1 MB to 269.1 MB.
Total: 5.699100 ms (FindLiveObjects: 0.620900 ms CreateObjectMapping: 0.342700 ms MarkObjects: 3.688700 ms  DeleteObjects: 1.046100 ms)

Prepare: number of updated asset objects reloaded= 0
AssetImportParameters requested are different than current active one (requested -> active):
  custom:container-demuxer-ogg: 62fdf1f143b41e24485cea50d1cbac27 -> 
  custom:framework-win-MediaFoundation: 216162199b28c13a410421893ffa2e32 -> 
  custom:container-muxer-webm: aa71ff27fc2769a1b78a27578f13a17b -> 
  custom:video-decoder-webm-vp8: 9c59270c3fd7afecdb556c50c9e8de78 -> 
  custom:AudioImporter_EditorPlatform: d09bf68614088b80899f8185d706f6e7 -> 
  custom:audio-decoder-ogg-vorbis: bf7c407c2cedff20999df2af8eb42d56 -> 
  custom:audio-encoder-webm-vorbis: bf7c407c2cedff20999df2af8eb42d56 -> 
  custom:video-decoder-ogg-theora: a1e56fd34408186e4bbccfd4996cb3dc -> 
  custom:CustomObjectIndexerAttribute: 756ad292c208cfabdd7b50bc23989ffe -> 
  custom:container-demuxer-webm: 4f35f7cbe854078d1ac9338744f61a02 -> 
  custom:video-encoder-webm-vp8: eb34c28f22e8b96e1ab97ce403110664 -> 
========================================================================
Received Import Request.
  Time since last request: 958.191116 seconds.
  path: Assets/Samples
  artifactKey: Guid(7239dff19c571484c83cae3bba69b038) Importer(815301076,1909f56bfc062723c751e8b465ee728b)
Start importing Assets/Samples using Guid(7239dff19c571484c83cae3bba69b038) Importer(815301076,1909f56bfc062723c751e8b465ee728b)  -> (artifact id: 'f5b251361b4c6501ae8db91c7bba25bd') in 0.001716 seconds
Number of updated asset objects reloaded before import = 0
Number of asset objects unloaded after import = 0
========================================================================
Received Import Request.
  Time since last request: 1.152655 seconds.
  path: Assets/Samples/High Definition RP
  artifactKey: Guid(f7351d0c8718d994bb59b0570522959f) Importer(815301076,1909f56bfc062723c751e8b465ee728b)
Start importing Assets/Samples/High Definition RP using Guid(f7351d0c8718d994bb59b0570522959f) Importer(815301076,1909f56bfc062723c751e8b465ee728b)  -> (artifact id: '0087faf4c091b7908b1adde8e110f17f') in 0.001074 seconds
Number of updated asset objects reloaded before import = 0
Number of asset objects unloaded after import = 0
========================================================================
Received Import Request.
  Time since last request: 0.619702 seconds.
  path: Assets/Samples/High Definition RP/14.0.8
  artifactKey: Guid(8a2dce53098489d45b6f31f506e8c999) Importer(815301076,1909f56bfc062723c751e8b465ee728b)
Start importing Assets/Samples/High Definition RP/14.0.8 using Guid(8a2dce53098489d45b6f31f506e8c999) Importer(815301076,1909f56bfc062723c751e8b465ee728b)  -> (artifact id: '2c3c7ca61a8a96a44bc9b94b3fb05146') in 0.000974 seconds
Number of updated asset objects reloaded before import = 0
Number of asset objects unloaded after import = 0
========================================================================
Received Import Request.
  Time since last request: 0.909127 seconds.
  path: Assets/Samples/High Definition RP/14.0.8/Lens Flare Samples
  artifactKey: Guid(43d8126f77b9e6440a62b9863338489c) Importer(815301076,1909f56bfc062723c751e8b465ee728b)
Start importing Assets/Samples/High Definition RP/14.0.8/Lens Flare Samples using Guid(43d8126f77b9e6440a62b9863338489c) Importer(815301076,1909f56bfc062723c751e8b465ee728b)  -> (artifact id: '050afc763fc022cfd52ea9112eb59f71') in 0.001128 seconds
Number of updated asset objects reloaded before import = 0
Number of asset objects unloaded after import = 0
========================================================================
Received Import Request.
  Time since last request: 1.954424 seconds.
  path: Assets/Samples/High Definition RP/14.0.8/Lens Flare Samples/LensFlarePresets
  artifactKey: Guid(e5f7313225e81974cbf961bb9fb38429) Importer(815301076,1909f56bfc062723c751e8b465ee728b)
Start importing Assets/Samples/High Definition RP/14.0.8/Lens Flare Samples/LensFlarePresets using Guid(e5f7313225e81974cbf961bb9fb38429) Importer(815301076,1909f56bfc062723c751e8b465ee728b)  -> (artifact id: '37a94067cf7aab257f06e6d04a6692fa') in 0.000969 seconds
Number of updated asset objects reloaded before import = 0
Number of asset objects unloaded after import = 0
========================================================================
Received Import Request.
  Time since last request: 1.553120 seconds.
  path: Assets/Samples/High Definition RP/14.0.8/Lens Flare Samples/SampleScene
  artifactKey: Guid(cc6932578fc124441a023593d5b09c3d) Importer(815301076,1909f56bfc062723c751e8b465ee728b)
Start importing Assets/Samples/High Definition RP/14.0.8/Lens Flare Samples/SampleScene using Guid(cc6932578fc124441a023593d5b09c3d) Importer(815301076,1909f56bfc062723c751e8b465ee728b)  -> (artifact id: '2a721042410cc6204e8b7b05f0a05bac') in 0.000788 seconds
Number of updated asset objects reloaded before import = 0
Number of asset objects unloaded after import = 0
========================================================================
Received Import Request.
  Time since last request: 0.306412 seconds.
  path: Assets/Samples/High Definition RP/14.0.8/Lens Flare Samples/Textures
  artifactKey: Guid(6055e8db7e2df774ab95fa4067570048) Importer(815301076,1909f56bfc062723c751e8b465ee728b)
Start importing Assets/Samples/High Definition RP/14.0.8/Lens Flare Samples/Textures using Guid(6055e8db7e2df774ab95fa4067570048) Importer(815301076,1909f56bfc062723c751e8b465ee728b)  -> (artifact id: '2db66b11966627f44361ff61972e59c7') in 0.001081 seconds
Number of updated asset objects reloaded before import = 0
Number of asset objects unloaded after import = 0
========================================================================
Received Import Request.
  Time since last request: 0.046310 seconds.
  path: Assets/Samples/High Definition RP/14.0.8/Lens Flare Samples/Textures/ColorfulGhost.png
  artifactKey: Guid(83ca61610be485341944d9cc19d27c4e) Importer(815301076,1909f56bfc062723c751e8b465ee728b)
Start importing Assets/Samples/High Definition RP/14.0.8/Lens Flare Samples/Textures/ColorfulGhost.png using Guid(83ca61610be485341944d9cc19d27c4e) Importer(815301076,1909f56bfc062723c751e8b465ee728b)  -> (artifact id: '314339ab533cfb4ca515b300a28a1f61') in 0.004250 seconds
Number of updated asset objects reloaded before import = 0
Number of asset objects unloaded after import = 1
========================================================================
Received Import Request.
  Time since last request: 0.000014 seconds.
  path: Assets/Samples/High Definition RP/14.0.8/Lens Flare Samples/Textures/PartialRing.png
  artifactKey: Guid(a13cf3213c1f2d24cbf0040fc25d0566) Importer(815301076,1909f56bfc062723c751e8b465ee728b)
Start importing Assets/Samples/High Definition RP/14.0.8/Lens Flare Samples/Textures/PartialRing.png using Guid(a13cf3213c1f2d24cbf0040fc25d0566) Importer(815301076,1909f56bfc062723c751e8b465ee728b)  -> (artifact id: '0afa4bc5f78dbdc19bf51c4d7dd2379c') in 0.002786 seconds
Number of updated asset objects reloaded before import = 0
Number of asset objects unloaded after import = 1
========================================================================
Received Import Request.
  Time since last request: 0.000012 seconds.
  path: Assets/Samples/High Definition RP/14.0.8/Lens Flare Samples/Textures/PartialRIng2.png
  artifactKey: Guid(da47326d6c6190a4e8793de9a26bf176) Importer(815301076,1909f56bfc062723c751e8b465ee728b)
Start importing Assets/Samples/High Definition RP/14.0.8/Lens Flare Samples/Textures/PartialRIng2.png using Guid(da47326d6c6190a4e8793de9a26bf176) Importer(815301076,1909f56bfc062723c751e8b465ee728b)  -> (artifact id: '11157a0fee674d53478b3f47b9e30723') in 0.004424 seconds
Number of updated asset objects reloaded before import = 0
Number of asset objects unloaded after import = 1
========================================================================
Received Import Request.
  Time since last request: 0.000017 seconds.
  path: Assets/Samples/High Definition RP/14.0.8/Lens Flare Samples/Textures/Ring.png
  artifactKey: Guid(394eed3117f18ff48966b230c567f9ea) Importer(815301076,1909f56bfc062723c751e8b465ee728b)
Start importing Assets/Samples/High Definition RP/14.0.8/Lens Flare Samples/Textures/Ring.png using Guid(394eed3117f18ff48966b230c567f9ea) Importer(815301076,1909f56bfc062723c751e8b465ee728b)  -> (artifact id: 'c8eef14134dc5cc688d14d54ab4edcda') in 0.003861 seconds
Number of updated asset objects reloaded before import = 0
Number of asset objects unloaded after import = 1
========================================================================
Received Import Request.
  Time since last request: 0.000012 seconds.
  path: Assets/Samples/High Definition RP/14.0.8/Lens Flare Samples/Textures/Ring2.png
  artifactKey: Guid(4a77f164670858e44a53d44d5e73aab9) Importer(815301076,1909f56bfc062723c751e8b465ee728b)
Start importing Assets/Samples/High Definition RP/14.0.8/Lens Flare Samples/Textures/Ring2.png using Guid(4a77f164670858e44a53d44d5e73aab9) Importer(815301076,1909f56bfc062723c751e8b465ee728b)  -> (artifact id: 'ccccb33ae0313f833a582a5365309fbf') in 0.003101 seconds
Number of updated asset objects reloaded before import = 0
Number of asset objects unloaded after import = 1
========================================================================
Received Import Request.
  Time since last request: 0.000014 seconds.
  path: Assets/Samples/High Definition RP/14.0.8/Lens Flare Samples/Textures/Spike3.png
  artifactKey: Guid(ca6ab6b6493b415439b6e31928ab43ee) Importer(815301076,1909f56bfc062723c751e8b465ee728b)
Start importing Assets/Samples/High Definition RP/14.0.8/Lens Flare Samples/Textures/Spike3.png using Guid(ca6ab6b6493b415439b6e31928ab43ee) Importer(815301076,1909f56bfc062723c751e8b465ee728b)  -> (artifact id: 'feadcc1e89c7f85313b1eae62358371e') in 0.003327 seconds
Number of updated asset objects reloaded before import = 0
Number of asset objects unloaded after import = 1
========================================================================
Received Import Request.
  Time since last request: 7.348937 seconds.
  path: Assets/Samples/High Definition RP/14.0.8/Lens Flare Samples/LensFlarePresets/17-270mm.asset
  artifactKey: Guid(d6ed082a5550f354eacd829d9e8e905f) Importer(815301076,1909f56bfc062723c751e8b465ee728b)
Start importing Assets/Samples/High Definition RP/14.0.8/Lens Flare Samples/LensFlarePresets/17-270mm.asset using Guid(d6ed082a5550f354eacd829d9e8e905f) Importer(815301076,1909f56bfc062723c751e8b465ee728b)  -> (artifact id: '43cd02c2c437dbc0ef6b3dda11dcf173') in 0.003580 seconds
Number of updated asset objects reloaded before import = 0
Number of asset objects unloaded after import = 1
========================================================================
Received Import Request.
  Time since last request: 0.000059 seconds.
  path: Assets/Samples/High Definition RP/14.0.8/Lens Flare Samples/LensFlarePresets/Anamorphic_Sci-Fi.asset
  artifactKey: Guid(6c9d9dfc3d7204d4792a39e8a9f7904d) Importer(815301076,1909f56bfc062723c751e8b465ee728b)
Start importing Assets/Samples/High Definition RP/14.0.8/Lens Flare Samples/LensFlarePresets/Anamorphic_Sci-Fi.asset using Guid(6c9d9dfc3d7204d4792a39e8a9f7904d) Importer(815301076,1909f56bfc062723c751e8b465ee728b)  -> (artifact id: 'bf65b8bf40d9dfa9ee1fd299351410a9') in 0.001393 seconds
Number of updated asset objects reloaded before import = 0
Number of asset objects unloaded after import = 1
========================================================================
Received Import Request.
  Time since last request: 0.000033 seconds.
  path: Assets/Samples/High Definition RP/14.0.8/Lens Flare Samples/LensFlarePresets/Anamorphic_Streak.asset
  artifactKey: Guid(c722e8b19b8ea7f44a63874c0e9e9a40) Importer(815301076,1909f56bfc062723c751e8b465ee728b)
Start importing Assets/Samples/High Definition RP/14.0.8/Lens Flare Samples/LensFlarePresets/Anamorphic_Streak.asset using Guid(c722e8b19b8ea7f44a63874c0e9e9a40) Importer(815301076,1909f56bfc062723c751e8b465ee728b)  -> (artifact id: 'd0b994dc4fb90a9980d13df8d081d4a9') in 0.001511 seconds
Number of updated asset objects reloaded before import = 0
Number of asset objects unloaded after import = 1
========================================================================
Received Import Request.
  Time since last request: 0.000014 seconds.
  path: Assets/Samples/High Definition RP/14.0.8/Lens Flare Samples/LensFlarePresets/Anamorphic_Streak Smudged.asset
  artifactKey: Guid(6d9690ff840e7264dac777dd53474a85) Importer(815301076,1909f56bfc062723c751e8b465ee728b)
Start importing Assets/Samples/High Definition RP/14.0.8/Lens Flare Samples/LensFlarePresets/Anamorphic_Streak Smudged.asset using Guid(6d9690ff840e7264dac777dd53474a85) Importer(815301076,1909f56bfc062723c751e8b465ee728b)  -> (artifact id: '846cb60d761aa8ef99f43979a6ae17e8') in 0.001976 seconds
Number of updated asset objects reloaded before import = 0
Number of asset objects unloaded after import = 2
========================================================================
Received Import Request.
  Time since last request: 0.000013 seconds.
  path: Assets/Samples/High Definition RP/14.0.8/Lens Flare Samples/LensFlarePresets/Anamorphic_Digital_Streak.asset
  artifactKey: Guid(481c03ea222474e47ac4688b7cafc305) Importer(815301076,1909f56bfc062723c751e8b465ee728b)
Start importing Assets/Samples/High Definition RP/14.0.8/Lens Flare Samples/LensFlarePresets/Anamorphic_Digital_Streak.asset using Guid(481c03ea222474e47ac4688b7cafc305) Importer(815301076,1909f56bfc062723c751e8b465ee728b)  -> (artifact id: '452e2203fdd02131b2cce5643a243693') in 0.003159 seconds
Number of updated asset objects reloaded before import = 0
Number of asset objects unloaded after import = 2
========================================================================
Received Import Request.
  Time since last request: 0.000014 seconds.
  path: Assets/Samples/High Definition RP/14.0.8/Lens Flare Samples/LensFlarePresets/Caustic2.asset
  artifactKey: Guid(22ae2bca5df960246a3108606371c4bd) Importer(815301076,1909f56bfc062723c751e8b465ee728b)
Start importing Assets/Samples/High Definition RP/14.0.8/Lens Flare Samples/LensFlarePresets/Caustic2.asset using Guid(22ae2bca5df960246a3108606371c4bd) Importer(815301076,1909f56bfc062723c751e8b465ee728b)  -> (artifact id: 'a494c7473870e82110f73ba39c65f8ca') in 0.001814 seconds
Number of updated asset objects reloaded before import = 0
Number of asset objects unloaded after import = 1
========================================================================
Received Import Request.
  Time since last request: 0.000030 seconds.
  path: Assets/Samples/High Definition RP/14.0.8/Lens Flare Samples/LensFlarePresets/Sci-Fi.asset
  artifactKey: Guid(3d06c7e513973914d98d12f2f668741a) Importer(815301076,1909f56bfc062723c751e8b465ee728b)
Start importing Assets/Samples/High Definition RP/14.0.8/Lens Flare Samples/LensFlarePresets/Sci-Fi.asset using Guid(3d06c7e513973914d98d12f2f668741a) Importer(815301076,1909f56bfc062723c751e8b465ee728b)  -> (artifact id: 'abbfa56b1f414e01953701f334405244') in 0.001807 seconds
Number of updated asset objects reloaded before import = 0
Number of asset objects unloaded after import = 1
========================================================================
Received Import Request.
  Time since last request: 0.000014 seconds.
  path: Assets/Samples/High Definition RP/14.0.8/Lens Flare Samples/LensFlarePresets/Scope_Glint.asset
  artifactKey: Guid(87b3236eee3798646863f18655766828) Importer(815301076,1909f56bfc062723c751e8b465ee728b)
Start importing Assets/Samples/High Definition RP/14.0.8/Lens Flare Samples/LensFlarePresets/Scope_Glint.asset using Guid(87b3236eee3798646863f18655766828) Importer(815301076,1909f56bfc062723c751e8b465ee728b)  -> (artifact id: 'b4488193534f1d94e62cd487d1738b61') in 0.001787 seconds
Number of updated asset objects reloaded before import = 0
Number of asset objects unloaded after import = 1
========================================================================
Received Import Request.
  Time since last request: 0.000015 seconds.
  path: Assets/Samples/High Definition RP/14.0.8/Lens Flare Samples/LensFlarePresets/Sun_Flare_w_Ring.asset
  artifactKey: Guid(ebdd57495ed33bd4bae6f345f8d2b9f7) Importer(815301076,1909f56bfc062723c751e8b465ee728b)
Start importing Assets/Samples/High Definition RP/14.0.8/Lens Flare Samples/LensFlarePresets/Sun_Flare_w_Ring.asset using Guid(ebdd57495ed33bd4bae6f345f8d2b9f7) Importer(815301076,1909f56bfc062723c751e8b465ee728b)  -> (artifact id: '6014d94de953ac3bbc2c0458b3ccf63a') in 0.002394 seconds
Number of updated asset objects reloaded before import = 0
Number of asset objects unloaded after import = 2
========================================================================
Received Import Request.
  Time since last request: 0.000013 seconds.
  path: Assets/Samples/High Definition RP/14.0.8/Lens Flare Samples/LensFlarePresets/Smartphone_Smudged.asset
  artifactKey: Guid(84cfb5afef7adac40b81ffb9d0dbed06) Importer(815301076,1909f56bfc062723c751e8b465ee728b)
Start importing Assets/Samples/High Definition RP/14.0.8/Lens Flare Samples/LensFlarePresets/Smartphone_Smudged.asset using Guid(84cfb5afef7adac40b81ffb9d0dbed06) Importer(815301076,1909f56bfc062723c751e8b465ee728b)  -> (artifact id: '523941798c0494cbf581ae7de58f8e6c') in 0.002396 seconds
Number of updated asset objects reloaded before import = 0
Number of asset objects unloaded after import = 2
========================================================================
Received Import Request.
  Time since last request: 0.000015 seconds.
  path: Assets/Samples/High Definition RP/14.0.8/Lens Flare Samples/LensFlarePresets/Caustic.asset
  artifactKey: Guid(b586a74942fa7fb4585fc03acb473887) Importer(815301076,1909f56bfc062723c751e8b465ee728b)
Start importing Assets/Samples/High Definition RP/14.0.8/Lens Flare Samples/LensFlarePresets/Caustic.asset using Guid(b586a74942fa7fb4585fc03acb473887) Importer(815301076,1909f56bfc062723c751e8b465ee728b)  -> (artifact id: 'f1343e0bd34e387857e332321d656ac8') in 0.001468 seconds
Number of updated asset objects reloaded before import = 0
Number of asset objects unloaded after import = 1
========================================================================
Received Import Request.
  Time since last request: 0.000023 seconds.
  path: Assets/Samples/High Definition RP/14.0.8/Lens Flare Samples/LensFlarePresets/GulleyShot_Flare.asset
  artifactKey: Guid(2e0ca741480172440a46302f4d487d71) Importer(815301076,1909f56bfc062723c751e8b465ee728b)
Start importing Assets/Samples/High Definition RP/14.0.8/Lens Flare Samples/LensFlarePresets/GulleyShot_Flare.asset using Guid(2e0ca741480172440a46302f4d487d71) Importer(815301076,1909f56bfc062723c751e8b465ee728b)  -> (artifact id: '9bf4b8a248ed4db2afea6b95e9dd5cf8') in 0.002785 seconds
Number of updated asset objects reloaded before import = 0
Number of asset objects unloaded after import = 2
========================================================================
Received Import Request.
  Time since last request: 0.000016 seconds.
  path: Assets/Samples/High Definition RP/14.0.8/Lens Flare Samples/LensFlarePresets/Morphing Spike.asset
  artifactKey: Guid(cbfa29c94a55abb4a9e7f95e23279388) Importer(815301076,1909f56bfc062723c751e8b465ee728b)
Start importing Assets/Samples/High Definition RP/14.0.8/Lens Flare Samples/LensFlarePresets/Morphing Spike.asset using Guid(cbfa29c94a55abb4a9e7f95e23279388) Importer(815301076,1909f56bfc062723c751e8b465ee728b)  -> (artifact id: 'd6c781faf962e920aec1767872516317') in 0.001396 seconds
Number of updated asset objects reloaded before import = 0
Number of asset objects unloaded after import = 1
========================================================================
Received Prepare
Begin MonoManager ReloadAssembly
Symbol file LoadedFromMemory doesn't match image C:\Users\CJ\LiminalityHDRP\LiminalityHDRP\Library\PackageCache\com.unity.visualscripting@1.8.0\Editor\VisualScripting.Core\Dependencies\YamlDotNet\Unity.VisualScripting.YamlDotNet.dll
Symbol file LoadedFromMemory doesn't match image C:\Users\CJ\LiminalityHDRP\LiminalityHDRP\Library\PackageCache\com.unity.visualscripting@1.8.0\Editor\VisualScripting.Core\Dependencies\DotNetZip\Unity.VisualScripting.IonicZip.dll
- Loaded All Assemblies, in  0.831 seconds
Refreshing native plugins compatible for Editor in 4.86 ms, found 3 plugins.
Native extension for UWP target not found
Native extension for WindowsStandalone target not found
[MODES] ModeService[none].Initialize
[MODES] ModeService[none].LoadModes
[MODES] Loading mode Default (0) for mode-current-id-LiminalityHDRP
[Package Manager] Server::EnsureServerProcessIsRunning -- launch failed, reason: Unity was launched with the -noUpm command-line argument
[Package Manager] UpmClient::Send -- Unable to send message (not connected to UPM process).
[Package Manager] Cannot connect to Unity Package Manager local server
Mono: successfully reloaded assembly
- Finished resetting the current domain, in  1.851 seconds
Domain Reload Profiling: 2677ms
	BeginReloadAssembly (162ms)
		ExecutionOrderSort (0ms)
		DisableScriptedObjects (5ms)
		BackupInstance (0ms)
		ReleaseScriptingObjects (0ms)
		CreateAndSetChildDomain (52ms)
	RebuildCommonClasses (30ms)
	RebuildNativeTypeToScriptingClass (10ms)
	initialDomainReloadingComplete (34ms)
	LoadAllAssembliesAndSetupDomain (590ms)
		LoadAssemblies (314ms)
		RebuildTransferFunctionScriptingTraits (0ms)
		AnalyzeDomain (330ms)
			TypeCache.Refresh (318ms)
				TypeCache.ScanAssembly (304ms)
			ScanForSourceGeneratedMonoScriptInfo (0ms)
			ResolveRequiredComponents (11ms)
	FinalizeReload (1852ms)
		ReleaseScriptCaches (0ms)
		RebuildScriptCaches (0ms)
		SetupLoadedEditorAssemblies (597ms)
			LogAssemblyErrors (0ms)
			InitializePlatformSupportModulesInManaged (8ms)
			SetLoadedEditorAssemblies (4ms)
			RefreshPlugins (0ms)
			BeforeProcessingInitializeOnLoad (100ms)
			ProcessInitializeOnLoadAttributes (451ms)
			ProcessInitializeOnLoadMethodAttributes (25ms)
			AfterProcessingInitializeOnLoad (8ms)
			EditorAssembliesLoaded (0ms)
		ExecutionOrderSort2 (0ms)
		AwakeInstancesAfterBackupRestoration (46ms)
Refreshing native plugins compatible for Editor in 6.24 ms, found 3 plugins.
Preloading 0 native plugins for Editor in 0.00 ms.
Unloading 6763 Unused Serialized files (Serialized files now loaded: 0)
Unloading 87 unused Assets / (4.9 MB). Loaded Objects now: 7725.
Memory consumption went from 274.1 MB to 269.2 MB.
Total: 6.931400 ms (FindLiveObjects: 0.587800 ms CreateObjectMapping: 0.571400 ms MarkObjects: 4.337400 ms  DeleteObjects: 1.433300 ms)

Prepare: number of updated asset objects reloaded= 0
AssetImportParameters requested are different than current active one (requested -> active):
  custom:container-demuxer-ogg: 62fdf1f143b41e24485cea50d1cbac27 -> 
  custom:framework-win-MediaFoundation: 216162199b28c13a410421893ffa2e32 -> 
  custom:container-muxer-webm: aa71ff27fc2769a1b78a27578f13a17b -> 
  custom:video-decoder-webm-vp8: 9c59270c3fd7afecdb556c50c9e8de78 -> 
  custom:AudioImporter_EditorPlatform: d09bf68614088b80899f8185d706f6e7 -> 
  custom:audio-decoder-ogg-vorbis: bf7c407c2cedff20999df2af8eb42d56 -> 
  custom:audio-encoder-webm-vorbis: bf7c407c2cedff20999df2af8eb42d56 -> 
  custom:video-decoder-ogg-theora: a1e56fd34408186e4bbccfd4996cb3dc -> 
  custom:CustomObjectIndexerAttribute: 756ad292c208cfabdd7b50bc23989ffe -> 
  custom:container-demuxer-webm: 4f35f7cbe854078d1ac9338744f61a02 -> 
  custom:video-encoder-webm-vp8: eb34c28f22e8b96e1ab97ce403110664 -> 
========================================================================
Received Import Request.
  Time since last request: 352.556364 seconds.
  path: Assets/Locker
  artifactKey: Guid(c89415e073b3f5d48b0028867245d5cf) Importer(815301076,1909f56bfc062723c751e8b465ee728b)
Start importing Assets/Locker using Guid(c89415e073b3f5d48b0028867245d5cf) Importer(815301076,1909f56bfc062723c751e8b465ee728b)  -> (artifact id: 'd42b5bbc992328fd81d12f3bf1dd69ae') in 0.011100 seconds
Number of updated asset objects reloaded before import = 0
Number of asset objects unloaded after import = 0
========================================================================
Received Import Request.
  Time since last request: 2.475825 seconds.
  path: Assets/Locker/Prefabs
  artifactKey: Guid(0a129d7b1d7f2b74c8eac782b100b536) Importer(815301076,1909f56bfc062723c751e8b465ee728b)
Start importing Assets/Locker/Prefabs using Guid(0a129d7b1d7f2b74c8eac782b100b536) Importer(815301076,1909f56bfc062723c751e8b465ee728b)  -> (artifact id: '32b21858c5c1bfd6b73e0ee073ebec7a') in 0.000886 seconds
Number of updated asset objects reloaded before import = 0
Number of asset objects unloaded after import = 0
========================================================================
Received Import Request.
  Time since last request: 0.060933 seconds.
  path: Assets/Locker/Prefabs/locker_01a.prefab
  artifactKey: Guid(b7b9112f4651c5341af4f4f45a166e03) Importer(815301076,1909f56bfc062723c751e8b465ee728b)
Start importing Assets/Locker/Prefabs/locker_01a.prefab using Guid(b7b9112f4651c5341af4f4f45a166e03) Importer(815301076,1909f56bfc062723c751e8b465ee728b)  -> (artifact id: 'cad9267c238537318b2cccd13380099c') in 0.004834 seconds
Number of updated asset objects reloaded before import = 0
Number of asset objects unloaded after import = 13
========================================================================
Received Import Request.
  Time since last request: 0.000015 seconds.
  path: Assets/Locker/Prefabs/locker_01c.prefab
  artifactKey: Guid(6ae4988e9e2ba5d41a6bd328ab7421dd) Importer(815301076,1909f56bfc062723c751e8b465ee728b)
Start importing Assets/Locker/Prefabs/locker_01c.prefab using Guid(6ae4988e9e2ba5d41a6bd328ab7421dd) Importer(815301076,1909f56bfc062723c751e8b465ee728b)  -> (artifact id: 'a6786173335e3487ad7ae34b5e794104') in 0.003470 seconds
Number of updated asset objects reloaded before import = 0
Number of asset objects unloaded after import = 13
