Using pre-set license
Built from '2022.3/staging' branch; Version is '2022.3.4f1 (35713cd46cd7) revision 3502396'; Using compiler version '192829333'; Build Type 'Release'
OS: 'Windows 10  (10.0.19045) 64bit Core' Language: 'en' Physical Memory: 16346 MB
BatchMode: 1, IsHumanControllingUs: 0, StartBugReporterOnCrash: 0, Is64bit: 1, IsPro: 1

COMMAND LINE ARGUMENTS:
C:\Program Files\Unity\Hub\Editor\2022.3.4f1\Editor\Unity.exe
-adb2
-batchMode
-noUpm
-name
AssetImportWorker1
-projectPath
C:/Users/honey/OneDrive/Documents/GitHub/LiminalityHDRP/LiminalityHDRP
-logFile
Logs/AssetImportWorker1.log
-srvPort
62666
Successfully changed project path to: C:/Users/honey/OneDrive/Documents/GitHub/LiminalityHDRP/LiminalityHDRP
C:/Users/honey/OneDrive/Documents/GitHub/LiminalityHDRP/LiminalityHDRP
[UnityMemory] Configuration Parameters - Can be set up in boot.config
    "memorysetup-bucket-allocator-granularity=16"
    "memorysetup-bucket-allocator-bucket-count=8"
    "memorysetup-bucket-allocator-block-size=33554432"
    "memorysetup-bucket-allocator-block-count=8"
    "memorysetup-main-allocator-block-size=16777216"
    "memorysetup-thread-allocator-block-size=16777216"
    "memorysetup-gfx-main-allocator-block-size=16777216"
    "memorysetup-gfx-thread-allocator-block-size=16777216"
    "memorysetup-cache-allocator-block-size=4194304"
    "memorysetup-typetree-allocator-block-size=2097152"
    "memorysetup-profiler-bucket-allocator-granularity=16"
    "memorysetup-profiler-bucket-allocator-bucket-count=8"
    "memorysetup-profiler-bucket-allocator-block-size=33554432"
    "memorysetup-profiler-bucket-allocator-block-count=8"
    "memorysetup-profiler-allocator-block-size=16777216"
    "memorysetup-profiler-editor-allocator-block-size=1048576"
    "memorysetup-temp-allocator-size-main=16777216"
    "memorysetup-job-temp-allocator-block-size=2097152"
    "memorysetup-job-temp-allocator-block-size-background=1048576"
    "memorysetup-job-temp-allocator-reduction-small-platforms=262144"
    "memorysetup-allocator-temp-initial-block-size-main=262144"
    "memorysetup-allocator-temp-initial-block-size-worker=262144"
    "memorysetup-temp-allocator-size-background-worker=32768"
    "memorysetup-temp-allocator-size-job-worker=262144"
    "memorysetup-temp-allocator-size-preload-manager=33554432"
    "memorysetup-temp-allocator-size-nav-mesh-worker=65536"
    "memorysetup-temp-allocator-size-audio-worker=65536"
    "memorysetup-temp-allocator-size-cloud-worker=32768"
    "memorysetup-temp-allocator-size-gi-baking-worker=262144"
    "memorysetup-temp-allocator-size-gfx=262144"
Player connection [5368] Host "[IP] 10.0.0.17 [Port] 0 [Flags] 2 [Guid] 3036570408 [EditorId] 3036570408 [Version] 1048832 [Id] WindowsEditor(7,DESKTOP-S18IHEL) [Debug] 1 [PackageName] WindowsEditor [ProjectName] Editor" joined multi-casting on [225.0.0.222:54997]...

Player connection [5368] Host "[IP] 10.0.0.17 [Port] 0 [Flags] 2 [Guid] 3036570408 [EditorId] 3036570408 [Version] 1048832 [Id] WindowsEditor(7,DESKTOP-S18IHEL) [Debug] 1 [PackageName] WindowsEditor [ProjectName] Editor" joined alternative multi-casting on [225.0.0.222:34997]...

Refreshing native plugins compatible for Editor in 354.87 ms, found 3 plugins.
Preloading 0 native plugins for Editor in 0.00 ms.
Initialize engine version: 2022.3.4f1 (35713cd46cd7)
[Subsystems] Discovering subsystems at path C:/Program Files/Unity/Hub/Editor/2022.3.4f1/Editor/Data/Resources/UnitySubsystems
[Subsystems] Discovering subsystems at path C:/Users/honey/OneDrive/Documents/GitHub/LiminalityHDRP/LiminalityHDRP/Assets
GfxDevice: creating device client; threaded=0; jobified=0
Direct3D:
    Version:  Direct3D 11.0 [level 11.1]
    Renderer: NVIDIA TITAN X (Pascal) (ID=0x1b00)
    Vendor:   NVIDIA
    VRAM:     12041 MB
    Driver:   31.0.15.4633
Initialize mono
Mono path[0] = 'C:/Program Files/Unity/Hub/Editor/2022.3.4f1/Editor/Data/Managed'
Mono path[1] = 'C:/Program Files/Unity/Hub/Editor/2022.3.4f1/Editor/Data/MonoBleedingEdge/lib/mono/unityjit-win32'
Mono config path = 'C:/Program Files/Unity/Hub/Editor/2022.3.4f1/Editor/Data/MonoBleedingEdge/etc'
Using monoOptions --debugger-agent=transport=dt_socket,embedding=1,server=y,suspend=n,address=127.0.0.1:56912
Begin MonoManager ReloadAssembly
Registering precompiled unity dll's ...
Register platform support module: C:/Program Files/Unity/Hub/Editor/2022.3.4f1/Editor/Data/PlaybackEngines/WindowsStandaloneSupport/UnityEditor.WindowsStandalone.Extensions.dll
Registered in 0.150458 seconds.
- Loaded All Assemblies, in  7.423 seconds
Native extension for WindowsStandalone target not found
Mono: successfully reloaded assembly
- Finished resetting the current domain, in  0.466 seconds
Domain Reload Profiling: 7886ms
	BeginReloadAssembly (6885ms)
		ExecutionOrderSort (0ms)
		DisableScriptedObjects (0ms)
		BackupInstance (0ms)
		ReleaseScriptingObjects (0ms)
		CreateAndSetChildDomain (1ms)
	RebuildCommonClasses (57ms)
	RebuildNativeTypeToScriptingClass (17ms)
	initialDomainReloadingComplete (227ms)
	LoadAllAssembliesAndSetupDomain (233ms)
		LoadAssemblies (6882ms)
		RebuildTransferFunctionScriptingTraits (0ms)
		AnalyzeDomain (225ms)
			TypeCache.Refresh (223ms)
				TypeCache.ScanAssembly (201ms)
			ScanForSourceGeneratedMonoScriptInfo (1ms)
			ResolveRequiredComponents (1ms)
	FinalizeReload (467ms)
		ReleaseScriptCaches (0ms)
		RebuildScriptCaches (0ms)
		SetupLoadedEditorAssemblies (372ms)
			LogAssemblyErrors (0ms)
			InitializePlatformSupportModulesInManaged (15ms)
			SetLoadedEditorAssemblies (12ms)
			RefreshPlugins (0ms)
			BeforeProcessingInitializeOnLoad (3ms)
			ProcessInitializeOnLoadAttributes (245ms)
			ProcessInitializeOnLoadMethodAttributes (97ms)
			AfterProcessingInitializeOnLoad (0ms)
			EditorAssembliesLoaded (0ms)
		ExecutionOrderSort2 (0ms)
		AwakeInstancesAfterBackupRestoration (0ms)
========================================================================
Worker process is ready to serve import requests
Begin MonoManager ReloadAssembly
Symbol file LoadedFromMemory doesn't match image C:\Users\honey\OneDrive\Documents\GitHub\LiminalityHDRP\LiminalityHDRP\Library\PackageCache\com.unity.visualscripting@1.8.0\Editor\VisualScripting.Core\Dependencies\YamlDotNet\Unity.VisualScripting.YamlDotNet.dll
Symbol file LoadedFromMemory doesn't match image C:\Users\honey\OneDrive\Documents\GitHub\LiminalityHDRP\LiminalityHDRP\Library\PackageCache\com.unity.visualscripting@1.8.0\Editor\VisualScripting.Core\Dependencies\DotNetZip\Unity.VisualScripting.IonicZip.dll
- Loaded All Assemblies, in 16.690 seconds
Refreshing native plugins compatible for Editor in 10.42 ms, found 3 plugins.
Native extension for WindowsStandalone target not found
Error saving file Library/StateCache/LayerSettings/9e/9ecc5c3c162a7aba29bafa64c8b94b7c.json. Error: System.IO.IOException: Sharing violation on path C:\Users\honey\OneDrive\Documents\GitHub\LiminalityHDRP\LiminalityHDRP\Library\StateCache\LayerSettings\9e\9ecc5c3c162a7aba29bafa64c8b94b7c.json
  at System.IO.FileStream..ctor (System.String path, System.IO.FileMode mode, System.IO.FileAccess access, System.IO.FileShare share, System.Int32 bufferSize, System.Boolean anonymous, System.IO.FileOptions options) [0x0019e] in <605bf8b31fcb444b85176da963870aa7>:0 
  at System.IO.FileStream..ctor (System.String path, System.IO.FileMode mode, System.IO.FileAccess access, System.IO.FileShare share, System.Int32 bufferSize, System.IO.FileOptions options) [0x00000] in <605bf8b31fcb444b85176da963870aa7>:0 
  at (wrapper remoting-invoke-with-check) System.IO.FileStream..ctor(string,System.IO.FileMode,System.IO.FileAccess,System.IO.FileShare,int,System.IO.FileOptions)
  at System.IO.StreamWriter..ctor (System.String path, System.Boolean append, System.Text.Encoding encoding, System.Int32 bufferSize) [0x00055] in <605bf8b31fcb444b85176da963870aa7>:0 
  at System.IO.StreamWriter..ctor (System.String path, System.Boolean append, System.Text.Encoding encoding) [0x00000] in <605bf8b31fcb444b85176da963870aa7>:0 
  at (wrapper remoting-invoke-with-check) System.IO.StreamWriter..ctor(string,bool,System.Text.Encoding)
  at System.IO.File.WriteAllText (System.String path, System.String contents, System.Text.Encoding encoding) [0x00034] in <605bf8b31fcb444b85176da963870aa7>:0 
  at UnityEditor.StateCache`1[T].SetState (UnityEngine.Hash128 key, T obj) [0x0004b] in <da771086bc2e4cfc9ad0a72e083a7f98>:0 
UnityEngine.StackTraceUtility:ExtractStackTrace ()
UnityEngine.DebugLogHandler:LogFormat (UnityEngine.LogType,UnityEngine.Object,string,object[])
UnityEngine.Logger:Log (UnityEngine.LogType,object)
UnityEngine.Debug:LogError (object)
UnityEditor.StateCache`1<UnityEditor.Tools/LayerSettings>:SetState (UnityEngine.Hash128,UnityEditor.Tools/LayerSettings)
UnityEditor.Tools:set_lockedLayers (int)
UnityEditor.Tools:OnEnable ()
UnityEngine.ScriptableObject:CreateInstance (System.Type)
UnityEngine.ScriptableObject:CreateInstance<UnityEditor.Tools> ()
UnityEditor.Tools:get_get ()
UnityEditor.Tools:get_visibleLayers ()
UnityEditor.Animations.Rigging.BoneRendererUtils:.cctor () (at ./Library/PackageCache/com.unity.animation.rigging@1.2.1/Editor/Utils/BoneRendererUtils.cs:121)
System.Runtime.CompilerServices.RuntimeHelpers:RunClassConstructor (System.RuntimeTypeHandle)
UnityEditor.EditorAssemblies:ProcessInitializeOnLoadAttributes (System.Type[])

(Filename: ./Library/PackageCache/com.unity.animation.rigging@1.2.1/Editor/Utils/BoneRendererUtils.cs Line: 121)

[MODES] ModeService[none].Initialize
[MODES] ModeService[none].LoadModes
[MODES] Loading mode Default (0) for mode-current-id-LiminalityHDRP
Package Manager log level set to [2]
[Package Manager] Server::EnsureServerProcessIsRunning -- launch failed, reason: Unity was launched with the -noUpm command-line argument
[Package Manager] UpmClient::Send -- Unable to send message (not connected to UPM process).
[Package Manager] Cannot connect to Unity Package Manager local server
Mono: successfully reloaded assembly
- Finished resetting the current domain, in  3.456 seconds
Domain Reload Profiling: 20142ms
	BeginReloadAssembly (171ms)
		ExecutionOrderSort (0ms)
		DisableScriptedObjects (5ms)
		BackupInstance (0ms)
		ReleaseScriptingObjects (0ms)
		CreateAndSetChildDomain (32ms)
	RebuildCommonClasses (46ms)
	RebuildNativeTypeToScriptingClass (16ms)
	initialDomainReloadingComplete (53ms)
	LoadAllAssembliesAndSetupDomain (16400ms)
		LoadAssemblies (15766ms)
		RebuildTransferFunctionScriptingTraits (0ms)
		AnalyzeDomain (714ms)
			TypeCache.Refresh (639ms)
				TypeCache.ScanAssembly (616ms)
			ScanForSourceGeneratedMonoScriptInfo (56ms)
			ResolveRequiredComponents (19ms)
	FinalizeReload (3457ms)
		ReleaseScriptCaches (0ms)
		RebuildScriptCaches (0ms)
		SetupLoadedEditorAssemblies (2995ms)
			LogAssemblyErrors (0ms)
			InitializePlatformSupportModulesInManaged (14ms)
			SetLoadedEditorAssemblies (6ms)
			RefreshPlugins (0ms)
			BeforeProcessingInitializeOnLoad (159ms)
			ProcessInitializeOnLoadAttributes (1114ms)
			ProcessInitializeOnLoadMethodAttributes (1679ms)
			AfterProcessingInitializeOnLoad (20ms)
			EditorAssembliesLoaded (1ms)
		ExecutionOrderSort2 (0ms)
		AwakeInstancesAfterBackupRestoration (28ms)
Launched and connected shader compiler UnityShaderCompiler.exe after 0.13 seconds
Refreshing native plugins compatible for Editor in 16.26 ms, found 3 plugins.
Preloading 0 native plugins for Editor in 0.00 ms.
Unloading 7180 Unused Serialized files (Serialized files now loaded: 0)
Unloading 139 unused Assets / (4.9 MB). Loaded Objects now: 7649.
Memory consumption went from 331.5 MB to 326.6 MB.
Total: 26.336300 ms (FindLiveObjects: 1.892500 ms CreateObjectMapping: 3.663300 ms MarkObjects: 18.298200 ms  DeleteObjects: 2.480000 ms)

AssetImportParameters requested are different than current active one (requested -> active):
  custom:container-demuxer-ogg: 62fdf1f143b41e24485cea50d1cbac27 -> 
  custom:framework-win-MediaFoundation: 216162199b28c13a410421893ffa2e32 -> 
  custom:container-muxer-webm: aa71ff27fc2769a1b78a27578f13a17b -> 
  custom:video-decoder-webm-vp8: 9c59270c3fd7afecdb556c50c9e8de78 -> 
  custom:AudioImporter_EditorPlatform: d09bf68614088b80899f8185d706f6e7 -> 
  custom:audio-decoder-ogg-vorbis: bf7c407c2cedff20999df2af8eb42d56 -> 
  custom:audio-encoder-webm-vorbis: bf7c407c2cedff20999df2af8eb42d56 -> 
  custom:video-decoder-ogg-theora: a1e56fd34408186e4bbccfd4996cb3dc -> 
  custom:CustomObjectIndexerAttribute: 756ad292c208cfabdd7b50bc23989ffe -> 
  custom:container-demuxer-webm: 4f35f7cbe854078d1ac9338744f61a02 -> 
  custom:video-encoder-webm-vp8: eb34c28f22e8b96e1ab97ce403110664 -> 
========================================================================
Received Import Request.
  Time since last request: 20341.734943 seconds.
  path: Assets/Poolrooms/Scenes
  artifactKey: Guid(1cef3547d3ade2b46bee9e96a03dc3bc) Importer(815301076,1909f56bfc062723c751e8b465ee728b)
Start importing Assets/Poolrooms/Scenes using Guid(1cef3547d3ade2b46bee9e96a03dc3bc) Importer(815301076,1909f56bfc062723c751e8b465ee728b)  -> (artifact id: '8bca24410b2f1ac1dbe0aee986eb442e') in 0.009644 seconds
Number of updated asset objects reloaded before import = 0
Number of asset objects unloaded after import = 0
========================================================================
Received Import Request.
  Time since last request: 0.000053 seconds.
  path: Assets/Poolrooms/Scenes/AITestingGround.unity
  artifactKey: Guid(b7e401ebd5549d54b96594f2951b2205) Importer(815301076,1909f56bfc062723c751e8b465ee728b)
Start importing Assets/Poolrooms/Scenes/AITestingGround.unity using Guid(b7e401ebd5549d54b96594f2951b2205) Importer(815301076,1909f56bfc062723c751e8b465ee728b)  -> (artifact id: '0a759d140975c84b4694b86ea938013c') in 0.003843 seconds
Number of updated asset objects reloaded before import = 0
Number of asset objects unloaded after import = 0
========================================================================
Received Prepare
Begin MonoManager ReloadAssembly
Symbol file LoadedFromMemory doesn't match image C:\Users\honey\OneDrive\Documents\GitHub\LiminalityHDRP\LiminalityHDRP\Library\PackageCache\com.unity.visualscripting@1.8.0\Editor\VisualScripting.Core\Dependencies\YamlDotNet\Unity.VisualScripting.YamlDotNet.dll
Symbol file LoadedFromMemory doesn't match image C:\Users\honey\OneDrive\Documents\GitHub\LiminalityHDRP\LiminalityHDRP\Library\PackageCache\com.unity.visualscripting@1.8.0\Editor\VisualScripting.Core\Dependencies\DotNetZip\Unity.VisualScripting.IonicZip.dll
- Loaded All Assemblies, in  0.996 seconds
Refreshing native plugins compatible for Editor in 6.35 ms, found 3 plugins.
Native extension for WindowsStandalone target not found
[MODES] ModeService[none].Initialize
[MODES] ModeService[none].LoadModes
[MODES] Loading mode Default (0) for mode-current-id-LiminalityHDRP
[Package Manager] Server::EnsureServerProcessIsRunning -- launch failed, reason: Unity was launched with the -noUpm command-line argument
[Package Manager] UpmClient::Send -- Unable to send message (not connected to UPM process).
[Package Manager] Cannot connect to Unity Package Manager local server
Mono: successfully reloaded assembly
- Finished resetting the current domain, in  1.694 seconds
Domain Reload Profiling: 2686ms
	BeginReloadAssembly (215ms)
		ExecutionOrderSort (0ms)
		DisableScriptedObjects (8ms)
		BackupInstance (0ms)
		ReleaseScriptingObjects (0ms)
		CreateAndSetChildDomain (67ms)
	RebuildCommonClasses (31ms)
	RebuildNativeTypeToScriptingClass (10ms)
	initialDomainReloadingComplete (37ms)
	LoadAllAssembliesAndSetupDomain (698ms)
		LoadAssemblies (392ms)
		RebuildTransferFunctionScriptingTraits (0ms)
		AnalyzeDomain (380ms)
			TypeCache.Refresh (362ms)
				TypeCache.ScanAssembly (347ms)
			ScanForSourceGeneratedMonoScriptInfo (0ms)
			ResolveRequiredComponents (18ms)
	FinalizeReload (1695ms)
		ReleaseScriptCaches (0ms)
		RebuildScriptCaches (0ms)
		SetupLoadedEditorAssemblies (655ms)
			LogAssemblyErrors (0ms)
			InitializePlatformSupportModulesInManaged (6ms)
			SetLoadedEditorAssemblies (4ms)
			RefreshPlugins (0ms)
			BeforeProcessingInitializeOnLoad (104ms)
			ProcessInitializeOnLoadAttributes (503ms)
			ProcessInitializeOnLoadMethodAttributes (31ms)
			AfterProcessingInitializeOnLoad (8ms)
			EditorAssembliesLoaded (0ms)
		ExecutionOrderSort2 (0ms)
		AwakeInstancesAfterBackupRestoration (74ms)
Refreshing native plugins compatible for Editor in 5.22 ms, found 3 plugins.
Preloading 0 native plugins for Editor in 0.00 ms.
Unloading 6770 Unused Serialized files (Serialized files now loaded: 0)
Unloading 87 unused Assets / (4.9 MB). Loaded Objects now: 7672.
Memory consumption went from 274.4 MB to 269.5 MB.
Total: 6.455200 ms (FindLiveObjects: 0.669800 ms CreateObjectMapping: 0.618300 ms MarkObjects: 4.330400 ms  DeleteObjects: 0.835000 ms)

Prepare: number of updated asset objects reloaded= 0
AssetImportParameters requested are different than current active one (requested -> active):
  custom:container-demuxer-ogg: 62fdf1f143b41e24485cea50d1cbac27 -> 
  custom:framework-win-MediaFoundation: 216162199b28c13a410421893ffa2e32 -> 
  custom:container-muxer-webm: aa71ff27fc2769a1b78a27578f13a17b -> 
  custom:video-decoder-webm-vp8: 9c59270c3fd7afecdb556c50c9e8de78 -> 
  custom:AudioImporter_EditorPlatform: d09bf68614088b80899f8185d706f6e7 -> 
  custom:audio-decoder-ogg-vorbis: bf7c407c2cedff20999df2af8eb42d56 -> 
  custom:audio-encoder-webm-vorbis: bf7c407c2cedff20999df2af8eb42d56 -> 
  custom:video-decoder-ogg-theora: a1e56fd34408186e4bbccfd4996cb3dc -> 
  custom:CustomObjectIndexerAttribute: 756ad292c208cfabdd7b50bc23989ffe -> 
  custom:container-demuxer-webm: 4f35f7cbe854078d1ac9338744f61a02 -> 
  custom:video-encoder-webm-vp8: eb34c28f22e8b96e1ab97ce403110664 -> 
========================================================================
Received Import Request.
  Time since last request: 3602.485812 seconds.
  path: Assets/Lockeroom Bench/textures/lambert1_AO.jpeg
  artifactKey: Guid(a00b5acfe7b640746a5d5d2684394cda) Importer(815301076,1909f56bfc062723c751e8b465ee728b)
Start importing Assets/Lockeroom Bench/textures/lambert1_AO.jpeg using Guid(a00b5acfe7b640746a5d5d2684394cda) Importer(815301076,1909f56bfc062723c751e8b465ee728b)  -> (artifact id: '83479fc6899db73243cc50d1d86802fe') in 0.212802 seconds
Number of updated asset objects reloaded before import = 6
Number of asset objects unloaded after import = 1
========================================================================
Received Import Request.
  Time since last request: 118.837556 seconds.
  path: Assets/Poolrooms/Textures/2K-pool_tiles-diffuse.jpg
  artifactKey: Guid(af957211825cd314dac606320216257a) Importer(815301076,1909f56bfc062723c751e8b465ee728b)
Start importing Assets/Poolrooms/Textures/2K-pool_tiles-diffuse.jpg using Guid(af957211825cd314dac606320216257a) Importer(815301076,1909f56bfc062723c751e8b465ee728b)  -> (artifact id: 'e4e32650a9368b6985a3b5027dfc22e5') in 0.010042 seconds
Number of updated asset objects reloaded before import = 0
Number of asset objects unloaded after import = 1
========================================================================
Received Import Request.
  Time since last request: 0.000021 seconds.
  path: Assets/Poolrooms/Textures/2K-pool_tiles-displacement.jpg
  artifactKey: Guid(3b7a5557c9f8841439365cf26f4bf5b6) Importer(815301076,1909f56bfc062723c751e8b465ee728b)
Start importing Assets/Poolrooms/Textures/2K-pool_tiles-displacement.jpg using Guid(3b7a5557c9f8841439365cf26f4bf5b6) Importer(815301076,1909f56bfc062723c751e8b465ee728b)  -> (artifact id: '6752d8c1a0796cb4f4e882f6e807582e') in 0.010486 seconds
Number of updated asset objects reloaded before import = 0
Number of asset objects unloaded after import = 1
========================================================================
Received Import Request.
  Time since last request: 0.000018 seconds.
  path: Assets/Poolrooms/Textures/2K-pool_tiles-normal.jpg
  artifactKey: Guid(88330fe779801774bb0a278e7a2f33db) Importer(815301076,1909f56bfc062723c751e8b465ee728b)
Start importing Assets/Poolrooms/Textures/2K-pool_tiles-normal.jpg using Guid(88330fe779801774bb0a278e7a2f33db) Importer(815301076,1909f56bfc062723c751e8b465ee728b)  -> (artifact id: 'a18aa91597d40d16fed2f1c9b103667c') in 0.011132 seconds
Number of updated asset objects reloaded before import = 0
Number of asset objects unloaded after import = 1
========================================================================
Received Import Request.
  Time since last request: 0.000019 seconds.
  path: Assets/Poolrooms/Textures/4K-tiles_ceramic_old_white-diffuse.jpg
  artifactKey: Guid(df38684f58fd57948b771644bd80f0be) Importer(815301076,1909f56bfc062723c751e8b465ee728b)
Start importing Assets/Poolrooms/Textures/4K-tiles_ceramic_old_white-diffuse.jpg using Guid(df38684f58fd57948b771644bd80f0be) Importer(815301076,1909f56bfc062723c751e8b465ee728b)  -> (artifact id: 'f9f58cc375572f69b0a0fd83462d15db') in 0.026820 seconds
Number of updated asset objects reloaded before import = 0
Number of asset objects unloaded after import = 1
========================================================================
Received Import Request.
  Time since last request: 2.610075 seconds.
  path: Assets/Locker/Textures/locker_01a_spec.png
  artifactKey: Guid(abca7e58cd24baf40a9c11456b7e660e) Importer(815301076,1909f56bfc062723c751e8b465ee728b)
Start importing Assets/Locker/Textures/locker_01a_spec.png using Guid(abca7e58cd24baf40a9c11456b7e660e) Importer(815301076,1909f56bfc062723c751e8b465ee728b)  -> (artifact id: '78fe8f7b513bea234f24897ad6927665') in 0.008247 seconds
Number of updated asset objects reloaded before import = 0
Number of asset objects unloaded after import = 1
========================================================================
Received Import Request.
  Time since last request: 0.000017 seconds.
  path: Assets/Locker/Textures/locker_01b_spec.png
  artifactKey: Guid(ebd7705169bfe9e49aff8d00bfab19c4) Importer(815301076,1909f56bfc062723c751e8b465ee728b)
Start importing Assets/Locker/Textures/locker_01b_spec.png using Guid(ebd7705169bfe9e49aff8d00bfab19c4) Importer(815301076,1909f56bfc062723c751e8b465ee728b)  -> (artifact id: 'e2ac815703bb9d447c114ac330cfde49') in 0.006117 seconds
Number of updated asset objects reloaded before import = 0
Number of asset objects unloaded after import = 1
========================================================================
Received Import Request.
  Time since last request: 0.000035 seconds.
  path: Assets/Locker/Textures/locker_01b_normal.png
  artifactKey: Guid(a887cbb7150c11a4fb351a008c4f45e5) Importer(815301076,1909f56bfc062723c751e8b465ee728b)
Start importing Assets/Locker/Textures/locker_01b_normal.png using Guid(a887cbb7150c11a4fb351a008c4f45e5) Importer(815301076,1909f56bfc062723c751e8b465ee728b)  -> (artifact id: 'ac71a524ce753472537c794d6e69c807') in 0.008171 seconds
Number of updated asset objects reloaded before import = 0
Number of asset objects unloaded after import = 1
========================================================================
Received Import Request.
  Time since last request: 20.161947 seconds.
  path: Assets/Lockeroom Bench/source/textures/lambert1_AO.jpg
  artifactKey: Guid(000037c7ba8f79f46aee0eeb7c95ca10) Importer(815301076,1909f56bfc062723c751e8b465ee728b)
Start importing Assets/Lockeroom Bench/source/textures/lambert1_AO.jpg using Guid(000037c7ba8f79f46aee0eeb7c95ca10) Importer(815301076,1909f56bfc062723c751e8b465ee728b)  -> (artifact id: '8506b38d98a0a79152223920be9d75b3') in 0.003137 seconds
Number of updated asset objects reloaded before import = 0
Number of asset objects unloaded after import = 1
========================================================================
Received Import Request.
  Time since last request: 0.000023 seconds.
  path: Assets/Lockeroom Bench/source/textures/lambert1_normal.png
  artifactKey: Guid(13b03cc06d968404ea3576b5d34f1c98) Importer(815301076,1909f56bfc062723c751e8b465ee728b)
Start importing Assets/Lockeroom Bench/source/textures/lambert1_normal.png using Guid(13b03cc06d968404ea3576b5d34f1c98) Importer(815301076,1909f56bfc062723c751e8b465ee728b)  -> (artifact id: '82c3825d2e85930545b269592c0f087c') in 0.003393 seconds
Number of updated asset objects reloaded before import = 0
Number of asset objects unloaded after import = 1
========================================================================
Received Import Request.
  Time since last request: 76.474596 seconds.
  path: Assets/SkySerie Freebie/FreebieHdri/MegaSun4k.hdr
  artifactKey: Guid(8967f190ed29c46418093a47d66daee8) Importer(815301076,1909f56bfc062723c751e8b465ee728b)
Start importing Assets/SkySerie Freebie/FreebieHdri/MegaSun4k.hdr using Guid(8967f190ed29c46418093a47d66daee8) Importer(815301076,1909f56bfc062723c751e8b465ee728b)  -> (artifact id: 'fd0473f175213a0d1d9bd328e2d5af93') in 0.074822 seconds
Number of updated asset objects reloaded before import = 0
Number of asset objects unloaded after import = 1
========================================================================
Received Import Request.
  Time since last request: 15.620257 seconds.
  path: Assets/Poolrooms/Textures/4K-tiles_ceramic_old_white-specular.jpg
  artifactKey: Guid(1211f9cfe0f476144983b4d5d55460ed) Importer(815301076,1909f56bfc062723c751e8b465ee728b)
Start importing Assets/Poolrooms/Textures/4K-tiles_ceramic_old_white-specular.jpg using Guid(1211f9cfe0f476144983b4d5d55460ed) Importer(815301076,1909f56bfc062723c751e8b465ee728b)  -> (artifact id: '1738001c409cf575940bcd4fc6aaaa17') in 0.008415 seconds
Number of updated asset objects reloaded before import = 0
Number of asset objects unloaded after import = 1
========================================================================
Received Import Request.
  Time since last request: 0.000023 seconds.
  path: Assets/Old_USSR_Lamp/Textures/Albedo.tga
  artifactKey: Guid(86ac791186ac7184daa08fe84b243f98) Importer(815301076,1909f56bfc062723c751e8b465ee728b)
Start importing Assets/Old_USSR_Lamp/Textures/Albedo.tga using Guid(86ac791186ac7184daa08fe84b243f98) Importer(815301076,1909f56bfc062723c751e8b465ee728b)  -> (artifact id: '016c572480e3138ce35efc822bf76514') in 0.007870 seconds
Number of updated asset objects reloaded before import = 0
Number of asset objects unloaded after import = 1
========================================================================
Received Import Request.
  Time since last request: 0.024276 seconds.
  path: Assets/Samples/High Definition RP/14.0.8/Material Samples/Textures/AluminumSatin_D.tif
  artifactKey: Guid(952e6f6406c582743830b9356fea4cb0) Importer(815301076,1909f56bfc062723c751e8b465ee728b)
Start importing Assets/Samples/High Definition RP/14.0.8/Material Samples/Textures/AluminumSatin_D.tif using Guid(952e6f6406c582743830b9356fea4cb0) Importer(815301076,1909f56bfc062723c751e8b465ee728b)  -> (artifact id: 'a8fe6b4b5bbbe50e52c841d5ca16795a') in 0.005938 seconds
Number of updated asset objects reloaded before import = 0
Number of asset objects unloaded after import = 1
========================================================================
Received Import Request.
  Time since last request: 374.503460 seconds.
  path: Assets/Samples/High Definition RP/14.0.8/Material Samples/Textures/Knit_Jersey_TM.tif
  artifactKey: Guid(8ba4df4ce48ed49429490ee07034ac7e) Importer(815301076,1909f56bfc062723c751e8b465ee728b)
Start importing Assets/Samples/High Definition RP/14.0.8/Material Samples/Textures/Knit_Jersey_TM.tif using Guid(8ba4df4ce48ed49429490ee07034ac7e) Importer(815301076,1909f56bfc062723c751e8b465ee728b)  -> (artifact id: 'e8b3fbcd96771c456d584cdf85bd27ef') in 0.004842 seconds
Number of updated asset objects reloaded before import = 0
Number of asset objects unloaded after import = 1
========================================================================
Received Import Request.
  Time since last request: 0.000027 seconds.
  path: Assets/Samples/High Definition RP/14.0.8/Material Samples/Textures/Knit_Ribbed__TM.tif
  artifactKey: Guid(838330f64b9f8354796242a4fc530cb6) Importer(815301076,1909f56bfc062723c751e8b465ee728b)
Start importing Assets/Samples/High Definition RP/14.0.8/Material Samples/Textures/Knit_Ribbed__TM.tif using Guid(838330f64b9f8354796242a4fc530cb6) Importer(815301076,1909f56bfc062723c751e8b465ee728b)  -> (artifact id: '9dc9bed02185750bcf141054b985287d') in 0.002311 seconds
Number of updated asset objects reloaded before import = 0
Number of asset objects unloaded after import = 1
========================================================================
Received Import Request.
  Time since last request: 11.074384 seconds.
  path: Assets/Samples/High Definition RP/14.0.8/Material Samples/Textures/Leather_N.tif
  artifactKey: Guid(d75a1762bfe8beb4faecee0061bbe46c) Importer(815301076,1909f56bfc062723c751e8b465ee728b)
Start importing Assets/Samples/High Definition RP/14.0.8/Material Samples/Textures/Leather_N.tif using Guid(d75a1762bfe8beb4faecee0061bbe46c) Importer(815301076,1909f56bfc062723c751e8b465ee728b)  -> (artifact id: 'd6f3b73e007a2657a9be598603709779') in 0.002817 seconds
Number of updated asset objects reloaded before import = 0
Number of asset objects unloaded after import = 1
